<?xml version="1.0" encoding="UTF-8"?>
<beans xmlns="http://www.springframework.org/schema/beans"
	xmlns:xsi="http://www.w3.org/2001/XMLSchema-instance" xmlns:jpa="http://www.springframework.org/schema/data/jpa"
	xmlns:tx="http://www.springframework.org/schema/tx"
	xsi:schemaLocation="http://www.springframework.org/schema/beans
        http://www.springframework.org/schema/beans/spring-beans.xsd
        http://www.springframework.org/schema/data/jpa
        http://www.springframework.org/schema/data/jpa/spring-jpa.xsd
	    http://www.springframework.org/schema/integration/jdbc
	    http://www.springframework.org/schema/integration/jdbc/spring-integration-jdbc.xsd
        http://www.springframework.org/schema/tx
	    http://www.springframework.org/schema/tx/spring-tx.xsd">

	<!-- Create default configuration for Hibernate -->
	<bean id="hibernateJpaVendorAdapter"
		class="org.springframework.orm.jpa.vendor.HibernateJpaVendorAdapter" />

	<!-- after Spring 3, persistent.xml is not required. People can just define 
		everything in persistent.xml here: http://www.baeldung.com/2011/12/13/the-persistence-layer-with-spring-3-1-and-jpa/ -->
	<bean id="entityManagerFactory"
		class="org.springframework.orm.jpa.LocalContainerEntityManagerFactoryBean">
		<property name="persistenceUnitName" value="testPersistenceUnit" />
		<property name="persistenceXmlLocation" value="classpath:test-persistence.xml" />
		<property name="dataSource" ref="dataSource" />
		<property name="jpaVendorAdapter">
			<bean class="org.springframework.orm.jpa.vendor.HibernateJpaVendorAdapter" />
		</property>
	</bean>

	<!-- 
    Configure Spring Data JPA and set the base package of the 
    repository interfaces 
    -->
	<jpa:repositories base-package="com.user.management.repositories" />

	<bean class="org.springframework.orm.jpa.JpaTransactionManager"
		id="transactionManager">
		<property name="entityManagerFactory" ref="entityManagerFactory" />
		<property name="jpaDialect">
			<bean class="org.springframework.orm.jpa.vendor.HibernateJpaDialect" />
		</property>
	</bean>

    <!-- Enable annotation driven transaction management -->
	<tx:annotation-driven />

	<bean id="dataSource"
		class="org.springframework.jdbc.datasource.LazyConnectionDataSourceProxy">
		<constructor-arg ref="database" />
	</bean>

	<beans profile="dev">
		<bean id="database" class="org.apache.commons.dbcp.BasicDataSource"
			destroy-method="close">
			<property name="driverClassName" value="org.h2.Driver" />
			<property name="url" value="jdbc:h2:mem:test;DB_CLOSE_DELAY=-1" />
			<property name="username" value="sa" />
			<property name="password" value="" />
		</bean>
	</beans>

</beans>